[2013-06-25 20:20:08] ExampleTest::testMe.INFO: PASSED [] []
[2013-06-25 20:34:57] ExampleTest::testMe.INFO: PASSED [] []
[2013-06-25 20:35:24] ExampleTest::testMe.INFO: PASSED [] []
[2013-06-25 20:37:54] ExampleTest::testMe.ALERT: include(example.php): failed to open stream: No such file or directory [] []
[2013-06-25 20:37:54] ExampleTest::testMe.INFO: # ERROR # [] []
[2013-06-25 20:37:54] ExampleTest::testMe.INFO: PASSED [] []
[2013-06-25 20:40:52] ExampleTest::testMe.INFO: PASSED [] []
[2013-06-25 20:40:55] ExampleTest::testMe.INFO: PASSED [] []
[2013-06-25 20:41:04] ExampleTest::testMe.INFO: PASSED [] []
[2013-06-25 20:42:12] ExampleTest::testMe.INFO: PASSED [] []
[2013-06-25 20:42:47] ExampleTest::testMe.INFO: PASSED [] []
[2013-06-25 20:42:58] ExampleTest::testMe.INFO: PASSED [] []
[2013-06-25 20:43:02] ExampleTest::testMe.INFO: PASSED [] []
[2013-06-25 20:43:29] ExampleTest::testMe.INFO: PASSED [] []
[2013-06-25 20:43:38] ExampleTest::testMe.INFO: PASSED [] []
[2013-06-25 20:43:54] ExampleTest::testMe.INFO: PASSED [] []
[2013-06-25 20:44:53] ExampleTest::testMe.INFO: PASSED [] []
[2013-06-25 20:45:08] ExampleTest::testMe.INFO: PASSED [] []
[2013-06-25 20:45:14] ExampleTest::testMe.INFO: PASSED [] []
[2013-06-25 20:45:49] ExampleTest::testMe.INFO: PASSED [] []
[2013-06-25 20:46:04] ExampleTest::testMe.INFO: PASSED [] []
[2013-06-25 20:46:26] ExampleTest::testMe.INFO: PASSED [] []
[2013-06-25 20:46:46] ExampleTest::testMe.INFO: PASSED [] []
[2013-06-25 20:46:53] ExampleTest::testMe.INFO: PASSED [] []
[2013-06-25 20:47:10] ExampleTest::testMe.INFO: PASSED [] []
[2013-06-25 20:47:14] ExampleTest::testMe.INFO: PASSED [] []
[2013-06-25 20:47:20] ExampleTest::testMe.INFO: PASSED [] []
[2013-06-25 20:47:27] ExampleTest::testMe.INFO: PASSED [] []
[2013-06-25 20:47:40] ExampleTest::testMe.INFO: PASSED [] []
[2013-06-25 20:47:56] ExampleTest::testMe.INFO: PASSED [] []
[2013-06-25 20:48:00] ExampleTest::testMe.INFO: PASSED [] []
[2013-06-25 20:56:23] ExampleTest::testMe.INFO: PASSED [] []
[2013-06-25 20:56:28] ExampleTest::testMe.INFO: PASSED [] []
[2013-06-25 20:56:46] ExampleTest::testMe.INFO: PASSED [] []
[2013-06-25 22:01:39] ExampleTest::testMe.INFO: PASSED [] []
[2013-06-25 22:01:49] ExampleTest::testMe.INFO: PASSED [] []
[2013-06-25 22:02:48] ExampleTest::testMe.INFO: PASSED [] []
[2013-06-25 22:03:09] ExampleTest::testMe.INFO: PASSED [] []
[2013-06-25 22:03:17] ExampleTest::testMe.INFO: PASSED [] []
[2013-06-25 22:03:36] ExampleTest::testMe.INFO: PASSED [] []
[2013-06-25 22:03:41] ExampleTest::testMe.INFO: PASSED [] []
[2013-06-25 22:03:48] ExampleTest::testMe.INFO: PASSED [] []
[2013-06-25 22:04:12] ExampleTest::testMe.INFO: PASSED [] []
[2013-06-25 22:04:30] ExampleTest::testMe.INFO: PASSED [] []
[2013-06-25 22:07:20] ExampleTest::testMe.ALERT: Failed asserting that true is false. [] []
[2013-06-25 22:07:20] ExampleTest::testMe.INFO: # FAILED # [] []
[2013-06-25 22:07:20] ExampleTest::testMe.INFO: PASSED [] []
[2013-06-25 22:07:31] ExampleTest::testMe.ALERT: Failed asserting that true is false. [] []
[2013-06-25 22:07:31] ExampleTest::testMe.INFO: # FAILED # [] []
[2013-06-25 22:07:31] ExampleTest::testMe.INFO: PASSED [] []
[2013-06-25 22:08:01] ExampleTest::testMe.ALERT: Failed asserting that true is false. [] []
[2013-06-25 22:08:01] ExampleTest::testMe.INFO: # FAILED # [] []
[2013-06-25 22:08:01] ExampleTest::testMe.INFO: PASSED [] []
[2013-06-25 22:08:11] ExampleTest::testMe.INFO: PASSED [] []
[2013-06-25 22:08:24] ExampleTest::testMe.ALERT: Failed asserting that true is false. [] []
[2013-06-25 22:08:24] ExampleTest::testMe.INFO: # FAILED # [] []
[2013-06-25 22:08:24] ExampleTest::testMe.INFO: PASSED [] []
[2013-06-25 22:08:34] ExampleTest::testMe.ALERT: Failed asserting that true is false. [] []
[2013-06-25 22:08:34] ExampleTest::testMe.INFO: # FAILED # [] []
[2013-06-25 22:08:34] ExampleTest::testMe.INFO: PASSED [] []
[2013-06-25 22:08:45] ExampleTest::testMe.ALERT: Failed asserting that true is false. [] []
[2013-06-25 22:08:45] ExampleTest::testMe.INFO: # FAILED # [] []
[2013-06-25 22:08:45] ExampleTest::testMe.INFO: PASSED [] []
[2013-06-25 22:08:52] ExampleTest::testMe.ALERT: Failed asserting that true is false. [] []
[2013-06-25 22:08:52] ExampleTest::testMe.INFO: # FAILED # [] []
[2013-06-25 22:08:52] ExampleTest::testMe.INFO: PASSED [] []
[2013-06-25 22:09:00] ExampleTest::testMe.ALERT: Failed asserting that true is false. [] []
[2013-06-25 22:09:00] ExampleTest::testMe.INFO: # FAILED # [] []
[2013-06-25 22:09:00] ExampleTest::testMe.INFO: PASSED [] []
[2013-06-25 22:09:14] ExampleTest::testMe.ALERT: Failed asserting that true is false. [] []
[2013-06-25 22:09:14] ExampleTest::testMe.INFO: # FAILED # [] []
[2013-06-25 22:09:14] ExampleTest::testMe.INFO: PASSED [] []
[2013-06-25 22:09:32] ExampleTest::testMe.INFO: PASSED [] []
[2013-06-25 22:09:46] ExampleTest::testMe.INFO: PASSED [] []
[2013-06-25 22:40:39] ExampleTest::testMe.INFO: PASSED [] []
[2013-06-25 22:41:38] ExampleTest::testMe.INFO: PASSED [] []
[2013-06-25 22:53:14] ExampleTest::testMe.INFO: PASSED [] []
[2013-06-25 22:53:31] ExampleTest::testMe.INFO: PASSED [] []
[2013-06-25 22:54:28] ExampleTest::testMe.INFO: PASSED [] []
[2013-06-25 23:00:32] ExampleTest::testMe.INFO: PASSED [] []
[2013-06-25 23:00:38] ExampleTest::testMe.INFO: PASSED [] []
[2013-06-25 23:00:41] ExampleTest::testMe.INFO: PASSED [] []
[2013-06-25 23:00:42] ExampleTest::testMe.INFO: PASSED [] []
[2013-06-25 22:01:51] ExampleTest::testMe.ALERT: Use of undefined constant APPPATH - assumed 'APPPATH' [] []
[2013-06-25 22:01:51] ExampleTest::testMe.INFO: # ERROR # [] []
[2013-06-25 22:01:51] ExampleTest::testMe.INFO: PASSED [] []
[2013-06-25 22:01:59] ExampleTest::testMe.ALERT: Use of undefined constant APPPATH - assumed 'APPPATH' [] []
[2013-06-25 22:01:59] ExampleTest::testMe.INFO: # ERROR # [] []
[2013-06-25 22:01:59] ExampleTest::testMe.INFO: PASSED [] []
[2013-06-25 22:03:34] ExampleTest::testMe.ALERT: Use of undefined constant APPPATH - assumed 'APPPATH' [] []
[2013-06-25 22:03:34] ExampleTest::testMe.INFO: # ERROR # [] []
[2013-06-25 22:03:34] ExampleTest::testMe.INFO: PASSED [] []
[2013-06-25 22:04:14] ExampleTest::testMe.ALERT: Use of undefined constant APPPATH - assumed 'APPPATH' [] []
[2013-06-25 22:04:14] ExampleTest::testMe.INFO: # ERROR # [] []
[2013-06-25 22:04:14] ExampleTest::testMe.INFO: PASSED [] []
[2013-06-25 22:04:20] ExampleTest::testMe.ALERT: Use of undefined constant APPPATH - assumed 'APPPATH' [] []
[2013-06-25 22:04:20] ExampleTest::testMe.INFO: # ERROR # [] []
[2013-06-25 22:04:20] ExampleTest::testMe.INFO: PASSED [] []
[2013-06-25 22:05:11] ExampleTest::testMe.ALERT: Use of undefined constant APPPATH - assumed 'APPPATH' [] []
[2013-06-25 22:05:11] ExampleTest::testMe.INFO: # ERROR # [] []
[2013-06-25 22:05:11] ExampleTest::testMe.INFO: PASSED [] []
[2013-06-25 22:05:30] ExampleTest::testMe.ALERT: Use of undefined constant APPPATH - assumed 'APPPATH' [] []
[2013-06-25 22:05:30] ExampleTest::testMe.INFO: # ERROR # [] []
[2013-06-25 22:05:30] ExampleTest::testMe.INFO: PASSED [] []
[2013-06-25 22:05:40] ExampleTest::testMe.ALERT: Use of undefined constant APPPATH - assumed 'APPPATH' [] []
[2013-06-25 22:05:40] ExampleTest::testMe.INFO: # ERROR # [] []
[2013-06-25 22:05:40] ExampleTest::testMe.INFO: PASSED [] []
[2013-06-25 22:05:55] ExampleTest::testMe.ALERT: Use of undefined constant APPPATH - assumed 'APPPATH' [] []
[2013-06-25 22:05:55] ExampleTest::testMe.INFO: # ERROR # [] []
[2013-06-25 22:05:55] ExampleTest::testMe.INFO: PASSED [] []
[2013-06-25 22:06:02] ExampleTest::testMe.ALERT: Use of undefined constant APPPATH - assumed 'APPPATH' [] []
[2013-06-25 22:06:02] ExampleTest::testMe.INFO: # ERROR # [] []
[2013-06-25 22:06:02] ExampleTest::testMe.INFO: PASSED [] []
[2013-06-25 22:06:13] ExampleTest::testMe.ALERT: Use of undefined constant APPPATH - assumed 'APPPATH' [] []
[2013-06-25 22:06:13] ExampleTest::testMe.INFO: # ERROR # [] []
[2013-06-25 22:06:13] ExampleTest::testMe.INFO: PASSED [] []
[2013-06-25 22:06:37] ExampleTest::testMe.ALERT: Use of undefined constant APPPATH - assumed 'APPPATH' [] []
[2013-06-25 22:06:37] ExampleTest::testMe.INFO: # ERROR # [] []
[2013-06-25 22:06:37] ExampleTest::testMe.INFO: PASSED [] []
[2013-06-25 22:06:46] ExampleTest::testMe.ALERT: Use of undefined constant APPPATH - assumed 'APPPATH' [] []
[2013-06-25 22:06:46] ExampleTest::testMe.INFO: # ERROR # [] []
[2013-06-25 22:06:46] ExampleTest::testMe.INFO: PASSED [] []
[2013-06-25 22:06:55] ExampleTest::testMe.ALERT: Use of undefined constant APPPATH - assumed 'APPPATH' [] []
[2013-06-25 22:06:55] ExampleTest::testMe.INFO: # ERROR # [] []
[2013-06-25 22:06:55] ExampleTest::testMe.INFO: PASSED [] []
[2013-06-25 22:07:00] ExampleTest::testMe.ALERT: Use of undefined constant APPPATH - assumed 'APPPATH' [] []
[2013-06-25 22:07:00] ExampleTest::testMe.INFO: # ERROR # [] []
[2013-06-25 22:07:00] ExampleTest::testMe.INFO: PASSED [] []
[2013-06-25 22:07:06] ExampleTest::testMe.ALERT: Use of undefined constant APPPATH - assumed 'APPPATH' [] []
[2013-06-25 22:07:06] ExampleTest::testMe.INFO: # ERROR # [] []
[2013-06-25 22:07:06] ExampleTest::testMe.INFO: PASSED [] []
[2013-06-25 22:07:46] ExampleTest::testMe.ALERT: Use of undefined constant APPPATH - assumed 'APPPATH' [] []
[2013-06-25 22:07:46] ExampleTest::testMe.INFO: # ERROR # [] []
[2013-06-25 22:07:46] ExampleTest::testMe.INFO: PASSED [] []
[2013-06-25 23:11:14] ExampleTest::testMe.INFO: PASSED [] []
[2013-06-25 23:11:23] ExampleTest::testMe.INFO: PASSED [] []
[2013-06-25 23:11:27] ExampleTest::testMe.INFO: PASSED [] []
[2013-06-25 23:13:05] ExampleTest::testMe.INFO: PASSED [] []
[2013-06-25 23:17:28] ExampleTest::testMe.INFO: PASSED [] []
[2013-06-25 23:17:37] ExampleTest::testMe.INFO: PASSED [] []
[2013-06-25 23:17:45] ExampleTest::testMe.INFO: PASSED [] []
[2013-06-25 23:18:06] ExampleTest::testMe.INFO: PASSED [] []
[2013-06-25 23:18:10] ExampleTest::testMe.INFO: PASSED [] []
[2013-06-25 23:18:26] ExampleTest::testMe.INFO: PASSED [] []
[2013-06-25 23:19:28] ExampleTest::testMe.ALERT: include(../application/modules/wishlist/WishlistApi.php): failed to open stream: No such file or directory [] []
[2013-06-25 23:19:28] ExampleTest::testMe.INFO: # ERROR # [] []
[2013-06-25 23:19:28] ExampleTest::testMe.INFO: PASSED [] []
[2013-06-25 23:19:35] ExampleTest::testMe.ALERT: include(../application/modules/wishlist/WishlistApi.php): failed to open stream: No such file or directory [] []
[2013-06-25 23:19:35] ExampleTest::testMe.INFO: # ERROR # [] []
[2013-06-25 23:19:35] ExampleTest::testMe.INFO: PASSED [] []
[2013-06-25 23:20:03] WishlistApiTest::testMe.ALERT: include(../application/modules/wishlist/WishlistApi.php): failed to open stream: No such file or directory [] []
[2013-06-25 23:20:03] WishlistApiTest::testMe.INFO: # ERROR # [] []
[2013-06-25 23:20:03] WishlistApiTest::testMe.INFO: PASSED [] []
[2013-06-25 23:20:06] WishlistApiTest::testMe.ALERT: include(../application/modules/wishlist/WishlistApi.php): failed to open stream: No such file or directory [] []
[2013-06-25 23:20:06] WishlistApiTest::testMe.INFO: # ERROR # [] []
[2013-06-25 23:20:06] WishlistApiTest::testMe.INFO: PASSED [] []
[2013-06-25 23:22:24] WishlistApiTest::testMe.ALERT: include(../application/modules/wishlist/WishlistApi.php): failed to open stream: No such file or directory [] []
[2013-06-25 23:22:24] WishlistApiTest::testMe.INFO: # ERROR # [] []
[2013-06-25 23:22:24] WishlistApiTest::testMe.INFO: PASSED [] []
[2013-06-25 23:22:42] WishlistApiTest::testMe.ALERT: include(../application/modules/wishlist/WishlistApi.php): failed to open stream: No such file or directory [] []
[2013-06-25 23:22:42] WishlistApiTest::testMe.INFO: # ERROR # [] []
[2013-06-25 23:22:42] WishlistApiTest::testMe.INFO: PASSED [] []
[2013-06-25 23:22:45] WishlistApiTest::testMe.ALERT: include(../application/modules/wishlist/WishlistApi.php): failed to open stream: No such file or directory [] []
[2013-06-25 23:22:45] WishlistApiTest::testMe.INFO: # ERROR # [] []
[2013-06-25 23:22:45] WishlistApiTest::testMe.INFO: PASSED [] []
[2013-06-25 23:29:06] WishlistApiTest::testMe.ALERT: Undefined variable: mod_path [] []
[2013-06-25 23:29:06] WishlistApiTest::testMe.INFO: # ERROR # [] []
[2013-06-25 23:29:06] WishlistApiTest::testMe.INFO: PASSED [] []
[2013-06-25 23:33:23] WishlistApiTest::testMe.INFO: PASSED [] []
[2013-06-25 23:33:30] WishlistApiTest::testMe.INFO: PASSED [] []
[2013-06-25 23:34:04] WishlistApiTest::testMe.INFO: PASSED [] []
[2013-06-25 23:34:23] WishlistApiTest::testMe.INFO: PASSED [] []
[2013-06-25 23:34:27] WishlistApiTest::testMe.INFO: PASSED [] []
[2013-06-25 23:34:59] WishlistApiTest::testMe.INFO: PASSED [] []
[2013-06-25 23:34:59] WishlistApiTest::testUser.INFO: PASSED [] []
[2013-06-25 23:35:05] WishlistApiTest::testMe.INFO: PASSED [] []
[2013-06-25 23:35:13] WishlistApiTest::testMe.INFO: PASSED [] []
[2013-06-25 23:35:49] WishlistApiTest::testMe.INFO: PASSED [] []
[2013-06-25 23:36:22] WishlistApiTest::testMe.INFO: PASSED [] []
[2013-06-25 23:37:19] WishlistApiTest::testMe.INFO: PASSED [] []
[2013-06-25 23:38:56] WishlistApiTest::testMe.INFO: PASSED [] []
[2013-06-25 23:38:56] WishlistApiTest::testMyUser.INFO: PASSED [] []
[2013-06-25 23:39:13] WishlistApiTest::testMe.INFO: PASSED [] []
[2013-06-25 23:39:13] WishlistApiTest::testMyUser.INFO: PASSED [] []
[2013-06-25 23:39:19] WishlistApiTest::testMe.INFO: PASSED [] []
[2013-06-25 23:39:27] WishlistApiTest::testM1e.INFO: PASSED [] []
[2013-06-25 23:39:35] WishlistApiTest::testM1e.INFO: PASSED [] []
[2013-06-25 23:39:35] WishlistApiTest::testMyUser.INFO: PASSED [] []
